warning: No `requires-python` value found in the workspace. Defaulting to `>=3.13`.
src/sentry/db/models/query.py:92: error: "QuerySet[BaseModel, BaseModel]" has no attribute "with_post_update_signal"  [attr-defined]
src/sentry/db/models/manager/base.py:319: error: "BaseManager[M]" has no attribute "using_replica"  [attr-defined]
src/sentry/db/models/manager/base.py:328: error: "BaseManager[M]" has no attribute "using_replica"  [attr-defined]
src/sentry/models/organization.py:97: error: Incompatible return value type (got "QuerySet[Organization, Organization]", expected "BaseQuerySet[Organization, Organization]")  [return-value]
src/sentry/models/organization.py:106: error: Incompatible return value type (got "QuerySet[Organization, Organization]", expected "BaseQuerySet[Organization, Organization]")  [return-value]
src/sentry/models/organization.py:143: error: Incompatible return value type (got "QuerySet[Organization, Organization]", expected "BaseQuerySet[Organization, Organization]")  [return-value]
src/sentry/users/models/user.py:246: error: Incompatible return value type (got "QuerySet[UserEmail, UserEmail]", expected "BaseQuerySet[UserEmail, UserEmail]")  [return-value]
src/sentry/users/models/user.py:249: error: Incompatible return value type (got "QuerySet[UserEmail, UserEmail]", expected "BaseQuerySet[UserEmail, UserEmail]")  [return-value]
src/sentry/models/release.py:863: error: "QuerySet[Release, Release]" has no attribute "using_replica"  [attr-defined]
src/sentry/sentry_apps/models/sentry_app_installation.py:51: error: Incompatible return value type (got "QuerySet[SentryAppInstallation, SentryAppInstallation]", expected "BaseQuerySet[SentryAppInstallation, SentryAppInstallation]")  [return-value]
src/sentry/sentry_apps/models/sentry_app_installation.py:54: error: Incompatible return value type (got "QuerySet[SentryAppInstallation, SentryAppInstallation]", expected "BaseQuerySet[SentryAppInstallation, SentryAppInstallation]")  [return-value]
src/sentry/sentry_apps/models/sentry_app_installation.py:61: error: Incompatible return value type (got "QuerySet[Project, Project]", expected "BaseQuerySet[Project, Project]")  [return-value]
src/sentry/sentry_apps/models/sentry_app_installation.py:63: error: Incompatible return value type (got "QuerySet[Project, Project]", expected "BaseQuerySet[Project, Project]")  [return-value]
src/sentry/models/groupopenperiod.py:164: error: Incompatible return value type (got "QuerySet[GroupOpenPeriod, GroupOpenPeriod]", expected "BaseQuerySet[GroupOpenPeriod, GroupOpenPeriod]")  [return-value]
src/sentry/models/groupopenperiod.py:184: error: Incompatible return value type (got "QuerySet[GroupOpenPeriod, GroupOpenPeriod]", expected "BaseQuerySet[GroupOpenPeriod, GroupOpenPeriod]")  [return-value]
src/sentry/incidents/models/alert_rule.py:104: error: Incompatible return value type (got "QuerySet[AlertRule, AlertRule]", expected "BaseQuerySet[AlertRule, AlertRule]")  [return-value]
src/sentry/workflow_engine/models/detector.py:214: error: Incompatible return value type (got "QuerySet[DataCondition, DataCondition]", expected "BaseQuerySet[DataCondition, DataCondition]")  [return-value]
src/sentry/issues/ongoing.py:55: error: Argument 1 to "bulk_remove_groups_from_inbox" has incompatible type "QuerySet[Group, Group]"; expected "BaseQuerySet[Group, Group]"  [arg-type]
src/sentry/dynamic_sampling/tasks/boost_low_volume_projects.py:502: error: "ProjectManager" has no attribute "using_replica"  [attr-defined]
src/sentry/api/serializers/models/rule.py:382: error: Incompatible return value type (got "QuerySet[Workflow, Workflow]", expected "BaseQuerySet[Workflow, Workflow]")  [return-value]
src/sentry/api/serializers/models/group.py:678: error: Unused "type: ignore" comment  [unused-ignore]
src/sentry/sentry_apps/services/app/impl.py:65: error: "BaseManager[SentryAppComponent]" has no attribute "using_replica"  [attr-defined]
src/sentry/sentry_apps/services/app/impl.py:70: error: "SentryAppManager" has no attribute "using_replica"  [attr-defined]
src/sentry/workflow_engine/processors/action.py:230: error: Argument "workflows" to "process_workflow_action_group_statuses" has incompatible type "QuerySet[Workflow, Workflow]"; expected "BaseQuerySet[Workflow, Workflow]"  [arg-type]
src/sentry/workflow_engine/processors/action.py:255: error: Incompatible return value type (got "QuerySet[Action@AnnotatedWith[TypedDict({'workflow_id': Any})], Action@AnnotatedWith[TypedDict({'workflow_id': Any})]]", expected "BaseQuerySet[Action, Action]")  [return-value]
src/sentry/incidents/logic.py:1077: error: Argument 1 to "enable_disable_subscriptions" has incompatible type "QuerySet[QuerySubscription, QuerySubscription]"; expected "BaseQuerySet[QuerySubscription, QuerySubscription]"  [arg-type]
src/sentry/incidents/metric_issue_detector.py:377: error: Argument 1 to "enable_disable_subscriptions" has incompatible type "QuerySet[QuerySubscription, QuerySubscription]"; expected "BaseQuerySet[QuerySubscription, QuerySubscription]"  [arg-type]
src/sentry/tasks/collect_project_platforms.py:38: error: "GroupManager" has no attribute "using_replica"  [attr-defined]
src/sentry/tasks/check_am2_compatibility.py:584: error: "ProjectManager" has no attribute "using_replica"  [attr-defined]
src/sentry/tasks/auth/check_auth.py:45: error: "BaseManager[AuthIdentity]" has no attribute "using_replica"  [attr-defined]
src/sentry/search/snuba/backend.py:495: error: Incompatible return value type (got "QuerySet[Group, Group]", expected "BaseQuerySet[Group, Group]")  [return-value]
src/sentry/api/endpoints/rule_snooze.py:247: error: Incompatible return value type (got "QuerySet[Rule, Rule]", expected "BaseQuerySet[Rule, Rule]")  [return-value]
src/sentry/api/endpoints/organization_plugin_deprecation_info.py:38: error: Argument 1 to "get_plugin_rules_urls" of "OrganizationPluginDeprecationInfoEndpoint" has incompatible type "QuerySet[Project, Project]"; expected "BaseQuerySet[Project, Project]"  [arg-type]
src/sentry/api/endpoints/organization_plugin_deprecation_info.py:40: error: Argument 1 to "get_plugin_groups_urls" of "OrganizationPluginDeprecationInfoEndpoint" has incompatible type "QuerySet[Project, Project]"; expected "BaseQuerySet[Project, Project]"  [arg-type]
src/sentry/api/endpoints/event_attachments.py:56: error: Argument 1 to "event_attachment_screenshot_filter" has incompatible type "QuerySet[EventAttachment, EventAttachment]"; expected "BaseQuerySet[EventAttachment, EventAttachment]"  [arg-type]
src/sentry/tasks/summaries/daily_summary.py:206: error: "QuerySet[Group, Group]" has no attribute "using_replica"  [attr-defined]
src/sentry/sentry_metrics/indexer/postgres/postgres_v2.py:263: error: "BaseManager[PerfStringIndexer]" has no attribute "using_replica"  [attr-defined]
src/sentry/sentry_metrics/indexer/postgres/postgres_v2.py:269: error: "BaseManager[BaseIndexer]" has no attribute "using_replica"  [attr-defined]
src/sentry/issues/endpoints/group_attachments.py:124: error: Argument 1 to "event_attachment_screenshot_filter" has incompatible type "QuerySet[EventAttachment, EventAttachment]"; expected "BaseQuerySet[EventAttachment, EventAttachment]"  [arg-type]
src/sentry/hybridcloud/tasks/deliver_webhooks.py:102: error: "BaseManager[WebhookPayload]" has no attribute "using_replica"  [attr-defined]
src/sentry/hybridcloud/tasks/deliver_webhooks.py:172: error: "BaseManager[WebhookPayload]" has no attribute "using_replica"  [attr-defined]
src/sentry/sentry_apps/api/endpoints/sentry_apps.py:57: error: Argument 1 to "_filter_queryset_for_user" of "SentryAppsEndpoint" has incompatible type "QuerySet[SentryApp, SentryApp]"; expected "BaseQuerySet[SentryApp, SentryApp]"  [arg-type]
src/sentry/sentry_apps/api/endpoints/sentry_apps.py:61: error: Argument 1 to "_filter_queryset_for_user" of "SentryAppsEndpoint" has incompatible type "QuerySet[SentryApp, SentryApp]"; expected "BaseQuerySet[SentryApp, SentryApp]"  [arg-type]
src/sentry/issues/endpoints/organization_group_index.py:131: error: "QuerySet[GroupInbox, GroupInbox]" has no attribute "using_replica"  [attr-defined]
tests/sentry/workflow_engine/processors/test_action_deduplication.py:73: error: Argument 1 to "get_unique_active_actions" has incompatible type "QuerySet[Action@AnnotatedWith[TypedDict({'workflow_id': Any})], Action@AnnotatedWith[TypedDict({'workflow_id': Any})]]"; expected "BaseQuerySet[Action, Action]"  [arg-type]
tests/sentry/workflow_engine/processors/test_action_deduplication.py:93: error: Argument 1 to "get_unique_active_actions" has incompatible type "QuerySet[Action@AnnotatedWith[TypedDict({'workflow_id': Any})], Action@AnnotatedWith[TypedDict({'workflow_id': Any})]]"; expected "BaseQuerySet[Action, Action]"  [arg-type]
tests/sentry/workflow_engine/processors/test_action_deduplication.py:118: error: Argument 1 to "get_unique_active_actions" has incompatible type "QuerySet[Action@AnnotatedWith[TypedDict({'workflow_id': Any})], Action@AnnotatedWith[TypedDict({'workflow_id': Any})]]"; expected "BaseQuerySet[Action, Action]"  [arg-type]
tests/sentry/workflow_engine/processors/test_action_deduplication.py:147: error: Argument 1 to "get_unique_active_actions" has incompatible type "QuerySet[Action@AnnotatedWith[TypedDict({'workflow_id': Any})], Action@AnnotatedWith[TypedDict({'workflow_id': Any})]]"; expected "BaseQuerySet[Action, Action]"  [arg-type]
tests/sentry/workflow_engine/processors/test_action_deduplication.py:173: error: Argument 1 to "get_unique_active_actions" has incompatible type "QuerySet[Action@AnnotatedWith[TypedDict({'workflow_id': Any})], Action@AnnotatedWith[TypedDict({'workflow_id': Any})]]"; expected "BaseQuerySet[Action, Action]"  [arg-type]
tests/sentry/workflow_engine/processors/test_action_deduplication.py:207: error: Argument 1 to "get_unique_active_actions" has incompatible type "QuerySet[Action@AnnotatedWith[TypedDict({'workflow_id': Any})], Action@AnnotatedWith[TypedDict({'workflow_id': Any})]]"; expected "BaseQuerySet[Action, Action]"  [arg-type]
tests/sentry/workflow_engine/processors/test_action_deduplication.py:244: error: Argument 1 to "get_unique_active_actions" has incompatible type "QuerySet[Action@AnnotatedWith[TypedDict({'workflow_id': Any})], Action@AnnotatedWith[TypedDict({'workflow_id': Any})]]"; expected "BaseQuerySet[Action, Action]"  [arg-type]
tests/sentry/workflow_engine/processors/test_action_deduplication.py:272: error: Argument 1 to "get_unique_active_actions" has incompatible type "QuerySet[Action@AnnotatedWith[TypedDict({'workflow_id': Any})], Action@AnnotatedWith[TypedDict({'workflow_id': Any})]]"; expected "BaseQuerySet[Action, Action]"  [arg-type]
tests/sentry/workflow_engine/processors/test_action_deduplication.py:295: error: Argument 1 to "get_unique_active_actions" has incompatible type "QuerySet[Action@AnnotatedWith[TypedDict({'workflow_id': Any})], Action@AnnotatedWith[TypedDict({'workflow_id': Any})]]"; expected "BaseQuerySet[Action, Action]"  [arg-type]
tests/sentry/workflow_engine/processors/test_action_deduplication.py:319: error: Argument 1 to "get_unique_active_actions" has incompatible type "QuerySet[Action@AnnotatedWith[TypedDict({'workflow_id': Any})], Action@AnnotatedWith[TypedDict({'workflow_id': Any})]]"; expected "BaseQuerySet[Action, Action]"  [arg-type]
tests/sentry/workflow_engine/processors/test_action_deduplication.py:347: error: Argument 1 to "get_unique_active_actions" has incompatible type "QuerySet[Action@AnnotatedWith[TypedDict({'workflow_id': Any})], Action@AnnotatedWith[TypedDict({'workflow_id': Any})]]"; expected "BaseQuerySet[Action, Action]"  [arg-type]
tests/sentry/workflow_engine/processors/test_action_deduplication.py:382: error: Argument 1 to "get_unique_active_actions" has incompatible type "QuerySet[Action@AnnotatedWith[TypedDict({'workflow_id': Any})], Action@AnnotatedWith[TypedDict({'workflow_id': Any})]]"; expected "BaseQuerySet[Action, Action]"  [arg-type]
tests/sentry/workflow_engine/processors/test_action_deduplication.py:413: error: Argument 1 to "get_unique_active_actions" has incompatible type "QuerySet[Action@AnnotatedWith[TypedDict({'workflow_id': Any})], Action@AnnotatedWith[TypedDict({'workflow_id': Any})]]"; expected "BaseQuerySet[Action, Action]"  [arg-type]
tests/sentry/workflow_engine/processors/test_action_deduplication.py:440: error: Argument 1 to "get_unique_active_actions" has incompatible type "QuerySet[Action@AnnotatedWith[TypedDict({'workflow_id': Any})], Action@AnnotatedWith[TypedDict({'workflow_id': Any})]]"; expected "BaseQuerySet[Action, Action]"  [arg-type]
tests/sentry/workflow_engine/processors/test_action_deduplication.py:455: error: Argument 1 to "get_unique_active_actions" has incompatible type "QuerySet[Action@AnnotatedWith[TypedDict({'workflow_id': Any})], Action@AnnotatedWith[TypedDict({'workflow_id': Any})]]"; expected "BaseQuerySet[Action, Action]"  [arg-type]
tests/sentry/workflow_engine/processors/test_action_deduplication.py:487: error: Argument 1 to "get_unique_active_actions" has incompatible type "QuerySet[Action@AnnotatedWith[TypedDict({'workflow_id': Any})], Action@AnnotatedWith[TypedDict({'workflow_id': Any})]]"; expected "BaseQuerySet[Action, Action]"  [arg-type]
tests/sentry/workflow_engine/processors/test_action_deduplication.py:524: error: Argument 1 to "get_unique_active_actions" has incompatible type "QuerySet[Action@AnnotatedWith[TypedDict({'workflow_id': Any})], Action@AnnotatedWith[TypedDict({'workflow_id': Any})]]"; expected "BaseQuerySet[Action, Action]"  [arg-type]
tests/sentry/workflow_engine/processors/test_action_deduplication.py:560: error: Argument 1 to "get_unique_active_actions" has incompatible type "QuerySet[Action@AnnotatedWith[TypedDict({'workflow_id': Any})], Action@AnnotatedWith[TypedDict({'workflow_id': Any})]]"; expected "BaseQuerySet[Action, Action]"  [arg-type]
tests/sentry/workflow_engine/processors/test_action_deduplication.py:570: error: Argument 1 to "get_unique_active_actions" has incompatible type "QuerySet[Action, Action]"; expected "BaseQuerySet[Action, Action]"  [arg-type]
tests/sentry/workflow_engine/processors/test_action_deduplication.py:583: error: Argument 1 to "get_unique_active_actions" has incompatible type "QuerySet[Action@AnnotatedWith[TypedDict({'workflow_id': Any})], Action@AnnotatedWith[TypedDict({'workflow_id': Any})]]"; expected "BaseQuerySet[Action, Action]"  [arg-type]
tests/sentry/workflow_engine/processors/test_action_deduplication.py:624: error: Argument 1 to "get_unique_active_actions" has incompatible type "QuerySet[Action@AnnotatedWith[TypedDict({'workflow_id': Any})], Action@AnnotatedWith[TypedDict({'workflow_id': Any})]]"; expected "BaseQuerySet[Action, Action]"  [arg-type]
tests/sentry/deletions/test_commit.py:39: error: Incompatible return value type (got "QuerySet[Commit, Commit]", expected "BaseQuerySet[Commit, Commit]")  [return-value]
tests/sentry/db/models/manager/test_base_query_set.py:22: error: "QuerySet[Group, Group]" has no attribute "update_with_returning"  [attr-defined]
tests/sentry/db/models/manager/test_base_query_set.py:26: error: "QuerySet[Group, Group]" has no attribute "update_with_returning"  [attr-defined]
tests/sentry/db/models/manager/test_base_query_set.py:30: error: "QuerySet[Group, Group]" has no attribute "update_with_returning"  [attr-defined]
tests/sentry/db/models/manager/test_base_query_set.py:36: error: "QuerySet[Group, Group]" has no attribute "update_with_returning"  [attr-defined]
tests/sentry/db/models/manager/test_base_query_set.py:73: error: "QuerySet[Group, Group]" has no attribute "with_post_update_signal"  [attr-defined]
tests/sentry/db/models/manager/test_base_query_set.py:87: error: "QuerySet[Group, Group]" has no attribute "with_post_update_signal"  [attr-defined]
tests/sentry/db/models/manager/test_base_query_set.py:95: error: "QuerySet[Group, Group]" has no attribute "_with_post_update_signal"  [attr-defined]
tests/sentry/db/models/manager/test_base_query_set.py:96: error: "QuerySet[Group, Group]" has no attribute "with_post_update_signal"  [attr-defined]
tests/sentry/db/models/manager/test_base_query_set.py:98: error: "QuerySet[Group, Group]" has no attribute "_with_post_update_signal"  [attr-defined]
tests/sentry/workflow_engine/processors/test_workflow_fire_history.py:25: error: Argument 1 to "create_workflow_fire_histories" has incompatible type "QuerySet[Action, Action]"; expected "BaseQuerySet[Action, Action]"  [arg-type]
tests/sentry/workflow_engine/processors/test_workflow_fire_history.py:44: error: Argument 1 to "create_workflow_fire_histories" has incompatible type "QuerySet[Action, Action]"; expected "BaseQuerySet[Action, Action]"  [arg-type]
tests/sentry/workflow_engine/processors/test_action.py:189: error: Argument 3 to "process_workflow_action_group_statuses" has incompatible type "QuerySet[Workflow, Workflow]"; expected "BaseQuerySet[Workflow, Workflow]"  [arg-type]
Found 78 errors in 35 files (checked 7315 source files)
